<?xml version="1.0" encoding="UTF-8"?>
<!-- Generated by org.testng.reporters.JUnitReportReporter -->
<testsuite hostname="MT-PG02AGY5" failures="0" tests="1" name="com.mindtree.runner.Application" time="25.283" errors="0" timestamp="2021-04-15T22:40:38 IST" skipped="0">
  <testcase classname="com.mindtree.runner.Application" name="addToCart" time="25.283"/>
  <system-out/>
</testsuite> <!-- com.mindtree.runner.Application -->
